Air vpn source code/Air vpn source code/app/build/intermediates/manifest_merge_blame_file/debug/manifest-merger-blame-debug-report.txt
1<?xml version="1.0" encoding="utf-8"?>
2<manifest xmlns:android="http://schemas.android.com/apk/res/android"
3    package="com.softmaster.airvpn"
4    android:versionCode="1"
5    android:versionName="1.0" >
6
7    <uses-sdk
8        android:minSdkVersion="19"
8-->src/main/AndroidManifest.xml
9        android:targetSdkVersion="30" />
9-->src/main/AndroidManifest.xml
10
11    <uses-permission android:name="android.permission.INTERNET" />
11-->src/main/AndroidManifest.xml:6:5-67
11-->src/main/AndroidManifest.xml:6:22-64
12    <uses-permission android:name="android.permission.FOREGROUND_SERVICE" />
12-->src/main/AndroidManifest.xml:7:5-77
12-->src/main/AndroidManifest.xml:7:22-74
13    <uses-permission android:name="com.android.vending.BILLING" />
13-->src/main/AndroidManifest.xml:8:5-67
13-->src/main/AndroidManifest.xml:8:22-64
14    <uses-permission android:name="android.permission.READ_EXTERNAL_STORAGE" />
14-->[com.github.pepperonas:materialdialog:0.3.4] AndroidManifest.xml:26:5-80
14-->[com.github.pepperonas:materialdialog:0.3.4] AndroidManifest.xml:26:22-77
15    <uses-permission android:name="android.permission.WRITE_EXTERNAL_STORAGE" />
15-->[com.github.pepperonas:materialdialog:0.3.4] AndroidManifest.xml:27:5-81
15-->[com.github.pepperonas:materialdialog:0.3.4] AndroidManifest.xml:27:22-78
16    <uses-permission android:name="android.permission.ACCESS_WIFI_STATE" />
16-->[com.github.AnchorFreePartner.hydra-sdk-android:sdk-core:3.4.0] AndroidManifest.xml:12:5-76
16-->[com.github.AnchorFreePartner.hydra-sdk-android:sdk-core:3.4.0] AndroidManifest.xml:12:22-73
17    <uses-permission android:name="android.permission.ACCESS_NETWORK_STATE" /> <!-- Android package visibility setting -->
17-->[com.github.AnchorFreePartner.hydra-sdk-android:sdk-core:3.4.0] AndroidManifest.xml:14:5-79
17-->[com.github.AnchorFreePartner.hydra-sdk-android:sdk-core:3.4.0] AndroidManifest.xml:14:22-76
18    <queries>
18-->[com.google.android.gms:play-services-ads-lite:20.2.0] AndroidManifest.xml:27:5-43:15
19
20        <!-- For browser content -->
21        <intent>
21-->[com.google.android.gms:play-services-ads-lite:20.2.0] AndroidManifest.xml:30:9-36:18
22            <action android:name="android.intent.action.VIEW" />
22-->[com.google.android.gms:play-services-ads-lite:20.2.0] AndroidManifest.xml:31:13-65
22-->[com.google.android.gms:play-services-ads-lite:20.2.0] AndroidManifest.xml:31:21-62
23
24            <category android:name="android.intent.category.BROWSABLE" />
24-->[com.google.android.gms:play-services-ads-lite:20.2.0] AndroidManifest.xml:33:13-74
24-->[com.google.android.gms:play-services-ads-lite:20.2.0] AndroidManifest.xml:33:23-71
25
26            <data android:scheme="https" />
26-->[com.google.android.gms:play-services-ads-lite:20.2.0] AndroidManifest.xml:35:13-44
26-->[com.google.android.gms:play-services-ads-lite:20.2.0] AndroidManifest.xml:35:19-41
27        </intent>
28        <!-- End of browser content -->
29        <!-- For CustomTabsService -->
30        <intent>
30-->[com.google.android.gms:play-services-ads-lite:20.2.0] AndroidManifest.xml:39:9-41:18
31            <action android:name="android.support.customtabs.action.CustomTabsService" />
31-->[com.google.android.gms:play-services-ads-lite:20.2.0] AndroidManifest.xml:40:13-90
31-->[com.google.android.gms:play-services-ads-lite:20.2.0] AndroidManifest.xml:40:21-87
32        </intent>
33        <!-- End of CustomTabsService -->
34        <package android:name="com.facebook.katana" />
34-->[com.facebook.android:audience-network-sdk:6.5.1] AndroidManifest.xml:12:9-55
34-->[com.facebook.android:audience-network-sdk:6.5.1] AndroidManifest.xml:12:18-52
35    </queries>
36
37    <uses-permission android:name="android.permission.WAKE_LOCK" />
37-->[com.google.android.gms:play-services-measurement-sdk-api:18.0.0] AndroidManifest.xml:25:5-68
37-->[com.google.android.gms:play-services-measurement-sdk-api:18.0.0] AndroidManifest.xml:25:22-65
38    <uses-permission android:name="android.permission.RECEIVE_BOOT_COMPLETED" />
38-->[androidx.work:work-runtime:2.1.0] AndroidManifest.xml:27:5-81
38-->[androidx.work:work-runtime:2.1.0] AndroidManifest.xml:27:22-78
39
40    <application
40-->src/main/AndroidManifest.xml:11:5-54:19
41        android:name="com.softmaster.airvpn.MainApplication"
41-->src/main/AndroidManifest.xml:12:9-61
42        android:allowBackup="true"
42-->src/main/AndroidManifest.xml:15:9-35
43        android:appComponentFactory="androidx.core.app.CoreComponentFactory"
43-->[androidx.core:core:1.5.0] AndroidManifest.xml:24:18-86
44        android:debuggable="true"
45        android:extractNativeLibs="true"
45-->src/main/AndroidManifest.xml:13:9-41
46        android:icon="@mipmap/ic_launcher"
46-->src/main/AndroidManifest.xml:16:9-43
47        android:label="@string/app_name"
47-->src/main/AndroidManifest.xml:17:9-41
48        android:networkSecurityConfig="@xml/sdk_captive_portal_network_security"
48-->[com.github.AnchorFreePartner.hydra-sdk-android:sdk-core:3.4.0] AndroidManifest.xml:18:9-81
49        android:roundIcon="@mipmap/ic_launcher_round"
49-->src/main/AndroidManifest.xml:18:9-54
50        android:supportsRtl="true"
50-->src/main/AndroidManifest.xml:19:9-35
51        android:testOnly="true"
52        android:theme="@style/AppTheme" >
52-->src/main/AndroidManifest.xml:20:9-40
53        <activity
53-->src/main/AndroidManifest.xml:24:9-32:20
54            android:name="com.softmaster.airvpn.activity.SplashActivity"
54-->src/main/AndroidManifest.xml:25:13-73
55            android:theme="@style/splashTheme" >
55-->src/main/AndroidManifest.xml:26:13-47
56            <intent-filter>
56-->src/main/AndroidManifest.xml:27:13-31:29
57                <action android:name="android.intent.action.MAIN" />
57-->src/main/AndroidManifest.xml:28:17-69
57-->src/main/AndroidManifest.xml:28:25-66
58
59                <category android:name="android.intent.category.LAUNCHER" />
59-->src/main/AndroidManifest.xml:30:17-77
59-->src/main/AndroidManifest.xml:30:27-74
60            </intent-filter>
61        </activity>
62        <activity android:name="com.softmaster.airvpn.activity.About" />
62-->src/main/AndroidManifest.xml:33:9-73
62-->src/main/AndroidManifest.xml:33:19-70
63        <activity android:name="com.softmaster.airvpn.activity.Faq" /> <!-- google ads -->
63-->src/main/AndroidManifest.xml:34:9-71
63-->src/main/AndroidManifest.xml:34:19-68
64        <meta-data
64-->src/main/AndroidManifest.xml:35:9-37:52
65            android:name="com.google.android.gms.ads.APPLICATION_ID"
65-->src/main/AndroidManifest.xml:36:13-69
66            android:value="@string/admob_app_id" />
66-->src/main/AndroidManifest.xml:37:13-49
67        <meta-data
67-->src/main/AndroidManifest.xml:38:9-40:36
68            android:name="com.google.android.gms.ads.AD_MANAGER_APP"
68-->src/main/AndroidManifest.xml:39:13-69
69            android:value="true" />
69-->src/main/AndroidManifest.xml:40:13-33
70
71        <activity
71-->src/main/AndroidManifest.xml:42:9-44:15
72            android:name="com.softmaster.airvpn.activity.MainActivity"
72-->src/main/AndroidManifest.xml:42:19-77
73            android:launchMode="singleTask" />
73-->src/main/AndroidManifest.xml:43:13-44
74
75        <service
75-->src/main/AndroidManifest.xml:46:9-52:19
76            android:name="de.blinkt.openvpn.core.OpenVPNService"
76-->src/main/AndroidManifest.xml:47:13-65
77            android:permission="android.permission.BIND_VPN_SERVICE" >
77-->src/main/AndroidManifest.xml:48:13-69
78            <intent-filter>
78-->src/main/AndroidManifest.xml:49:13-51:29
79                <action android:name="android.net.VpnService" />
79-->src/main/AndroidManifest.xml:50:17-65
79-->src/main/AndroidManifest.xml:50:25-62
80            </intent-filter>
81        </service>
82
83        <meta-data
83-->[com.github.AnchorFreePartner.hydra-sdk-android:sdk:3.4.0] AndroidManifest.xml:12:9-14:63
84            android:name="com.anchorfree.sdk.transports"
84-->[com.github.AnchorFreePartner.hydra-sdk-android:sdk:3.4.0] AndroidManifest.xml:13:13-57
85            android:resource="@raw/hydra_transports_config" />
85-->[com.github.AnchorFreePartner.hydra-sdk-android:sdk:3.4.0] AndroidManifest.xml:14:13-60
86        <meta-data
86-->[com.github.AnchorFreePartner.hydra-sdk-android:hydra:3.4.0] AndroidManifest.xml:12:9-14:56
87            android:name="com.anchorfree.vpnsdk.vpn_config.hydra"
87-->[com.github.AnchorFreePartner.hydra-sdk-android:hydra:3.4.0] AndroidManifest.xml:13:13-66
88            android:resource="@raw/hydra_vpn_config" />
88-->[com.github.AnchorFreePartner.hydra-sdk-android:hydra:3.4.0] AndroidManifest.xml:14:13-53
89
90        <provider
90-->[com.github.AnchorFreePartner.hydra-sdk-android:hydra:3.4.0] AndroidManifest.xml:16:9-20:37
91            android:name="com.anchorfree.sdk.HydraTransportInitProvider"
91-->[com.github.AnchorFreePartner.hydra-sdk-android:hydra:3.4.0] AndroidManifest.xml:17:13-73
92            android:authorities="com.softmaster.airvpn.sdk.transport.hydra"
92-->[com.github.AnchorFreePartner.hydra-sdk-android:hydra:3.4.0] AndroidManifest.xml:18:13-71
93            android:exported="false"
93-->[com.github.AnchorFreePartner.hydra-sdk-android:hydra:3.4.0] AndroidManifest.xml:19:13-37
94            android:initOrder="1" />
94-->[com.github.AnchorFreePartner.hydra-sdk-android:hydra:3.4.0] AndroidManifest.xml:20:13-34
95        <provider
95-->[com.github.AnchorFreePartner.hydra-sdk-android:sdk-core:3.4.0] AndroidManifest.xml:20:9-24:37
96            android:name="com.anchorfree.sdk.DBProvider"
96-->[com.github.AnchorFreePartner.hydra-sdk-android:sdk-core:3.4.0] AndroidManifest.xml:21:13-57
97            android:authorities="com.softmaster.airvpn.hydra.sdk.db.provider"
97-->[com.github.AnchorFreePartner.hydra-sdk-android:sdk-core:3.4.0] AndroidManifest.xml:22:13-73
98            android:exported="false"
98-->[com.github.AnchorFreePartner.hydra-sdk-android:sdk-core:3.4.0] AndroidManifest.xml:23:13-37
99            android:initOrder="1" />
99-->[com.github.AnchorFreePartner.hydra-sdk-android:sdk-core:3.4.0] AndroidManifest.xml:24:13-34
100
101        <meta-data
101-->[com.github.AnchorFreePartner.hydra-sdk-android:sdk-core:3.4.0] AndroidManifest.xml:26:9-28:55
102            android:name="com.anchorfree.vpnsdk.vpn_config"
102-->[com.github.AnchorFreePartner.hydra-sdk-android:sdk-core:3.4.0] AndroidManifest.xml:27:13-60
103            android:resource="@raw/core_vpn_config" />
103-->[com.github.AnchorFreePartner.hydra-sdk-android:sdk-core:3.4.0] AndroidManifest.xml:28:13-52
104
105        <provider
105-->[com.github.AnchorFreePartner.hydra-sdk-android:sdk-core:3.4.0] AndroidManifest.xml:30:9-34:39
106            android:name="com.anchorfree.sdk.UnifiedSDKInitProviderMain"
106-->[com.github.AnchorFreePartner.hydra-sdk-android:sdk-core:3.4.0] AndroidManifest.xml:31:13-73
107            android:authorities="com.softmaster.airvpn.anchorfree.sdk.init.provider"
107-->[com.github.AnchorFreePartner.hydra-sdk-android:sdk-core:3.4.0] AndroidManifest.xml:32:13-80
108            android:exported="false"
108-->[com.github.AnchorFreePartner.hydra-sdk-android:sdk-core:3.4.0] AndroidManifest.xml:33:13-37
109            android:initOrder="100" />
109-->[com.github.AnchorFreePartner.hydra-sdk-android:sdk-core:3.4.0] AndroidManifest.xml:34:13-36
110        <provider
110-->[com.github.AnchorFreePartner.hydra-sdk-android:sdk-core:3.4.0] AndroidManifest.xml:35:9-40:58
111            android:name="com.anchorfree.sdk.UnifiedSDKInitProviderVpn"
111-->[com.github.AnchorFreePartner.hydra-sdk-android:sdk-core:3.4.0] AndroidManifest.xml:36:13-72
112            android:authorities="com.softmaster.airvpn.anchorfree.sdk.init.provider.vpn"
112-->[com.github.AnchorFreePartner.hydra-sdk-android:sdk-core:3.4.0] AndroidManifest.xml:37:13-84
113            android:exported="false"
113-->[com.github.AnchorFreePartner.hydra-sdk-android:sdk-core:3.4.0] AndroidManifest.xml:38:13-37
114            android:initOrder="100"
114-->[com.github.AnchorFreePartner.hydra-sdk-android:sdk-core:3.4.0] AndroidManifest.xml:39:13-36
115            android:process="@string/vpn_process_name" />
115-->[com.github.AnchorFreePartner.hydra-sdk-android:sdk-core:3.4.0] AndroidManifest.xml:40:13-55
116
117        <service
117-->[com.github.AnchorFree.hydra-vpn-android:hydratransport:0.18.2] AndroidManifest.xml:12:9-15:19
118            android:name="com.anchorfree.vpnsdk.transporthydra.proxyservice.HydraProxyService"
118-->[com.github.AnchorFree.hydra-vpn-android:hydratransport:0.18.2] AndroidManifest.xml:13:13-95
119            android:permission="android.permission.BIND_VPN_SERVICE" >
119-->[com.github.AnchorFree.hydra-vpn-android:hydratransport:0.18.2] AndroidManifest.xml:14:13-69
120        </service>
121        <service
121-->[com.github.AnchorFreePartner.hydra-sdk-android:sdk-notifications:3.4.0] AndroidManifest.xml:12:9-15:58
122            android:name="com.anchorfree.sdk.SdkNotificationService"
122-->[com.github.AnchorFreePartner.hydra-sdk-android:sdk-notifications:3.4.0] AndroidManifest.xml:13:13-69
123            android:exported="false"
123-->[com.github.AnchorFreePartner.hydra-sdk-android:sdk-notifications:3.4.0] AndroidManifest.xml:14:13-37
124            android:process="@string/vpn_process_name" />
124-->[com.github.AnchorFreePartner.hydra-sdk-android:sdk-notifications:3.4.0] AndroidManifest.xml:15:13-55
125
126        <provider
126-->[com.github.AnchorFreePartner.hydra-sdk-android:ucr-analytics:3.4.0] AndroidManifest.xml:15:9-21:20
127            android:name="com.anchorfree.ucr.UCRContentProvider"
127-->[com.github.AnchorFreePartner.hydra-sdk-android:ucr-analytics:3.4.0] AndroidManifest.xml:16:13-65
128            android:authorities="com.softmaster.airvpn.ucr.provider"
128-->[com.github.AnchorFreePartner.hydra-sdk-android:ucr-analytics:3.4.0] AndroidManifest.xml:17:13-64
129            android:enabled="true"
129-->[com.github.AnchorFreePartner.hydra-sdk-android:ucr-analytics:3.4.0] AndroidManifest.xml:18:13-35
130            android:exported="false"
130-->[com.github.AnchorFreePartner.hydra-sdk-android:ucr-analytics:3.4.0] AndroidManifest.xml:19:13-37
131            android:multiprocess="false" >
131-->[com.github.AnchorFreePartner.hydra-sdk-android:ucr-analytics:3.4.0] AndroidManifest.xml:20:13-41
132        </provider>
133
134        <service
134-->[com.github.AnchorFreePartner.hydra-sdk-android:ucr-analytics:3.4.0] AndroidManifest.xml:23:9-27:19
135            android:name="com.anchorfree.ucr.UCRService"
135-->[com.github.AnchorFreePartner.hydra-sdk-android:ucr-analytics:3.4.0] AndroidManifest.xml:24:13-57
136            android:enabled="true"
136-->[com.github.AnchorFreePartner.hydra-sdk-android:ucr-analytics:3.4.0] AndroidManifest.xml:25:13-35
137            android:exported="false" >
137-->[com.github.AnchorFreePartner.hydra-sdk-android:ucr-analytics:3.4.0] AndroidManifest.xml:26:13-37
138        </service>
139
140        <activity
140-->[com.github.AnchorFree.hydra-vpn-android:corevpn:0.18.2] AndroidManifest.xml:16:9-21:75
141            android:name="com.anchorfree.vpnsdk.vpnservice.StartVPNServiceShadowActivity"
141-->[com.github.AnchorFree.hydra-vpn-android:corevpn:0.18.2] AndroidManifest.xml:17:13-90
142            android:label="@string/app_name"
142-->[com.github.AnchorFree.hydra-vpn-android:corevpn:0.18.2] AndroidManifest.xml:18:13-45
143            android:launchMode="singleTask"
143-->[com.github.AnchorFree.hydra-vpn-android:corevpn:0.18.2] AndroidManifest.xml:19:13-44
144            android:process="@string/vpn_process_name"
144-->[com.github.AnchorFree.hydra-vpn-android:corevpn:0.18.2] AndroidManifest.xml:20:13-55
145            android:theme="@android:style/Theme.Translucent.NoTitleBar" />
145-->[com.github.AnchorFree.hydra-vpn-android:corevpn:0.18.2] AndroidManifest.xml:21:13-72
146
147        <provider
147-->[com.github.AnchorFree.hydra-vpn-android:corevpn:0.18.2] AndroidManifest.xml:23:9-26:40
148            android:name="com.anchorfree.vpnsdk.vpnservice.config.VpnConfigProvider"
148-->[com.github.AnchorFree.hydra-vpn-android:corevpn:0.18.2] AndroidManifest.xml:24:13-85
149            android:authorities="com.softmaster.airvpn.vpn_config"
149-->[com.github.AnchorFree.hydra-vpn-android:corevpn:0.18.2] AndroidManifest.xml:25:13-62
150            android:exported="false" />
150-->[com.github.AnchorFree.hydra-vpn-android:corevpn:0.18.2] AndroidManifest.xml:26:13-37
151        <provider
151-->[com.github.AnchorFree.hydra-vpn-android:corevpn:0.18.2] AndroidManifest.xml:27:9-30:40
152            android:name="com.anchorfree.vpnsdk.vpnservice.credentials.CredentialsContentProvider"
152-->[com.github.AnchorFree.hydra-vpn-android:corevpn:0.18.2] AndroidManifest.xml:28:13-99
153            android:authorities="com.softmaster.airvpn.credentials"
153-->[com.github.AnchorFree.hydra-vpn-android:corevpn:0.18.2] AndroidManifest.xml:29:13-63
154            android:exported="false" />
154-->[com.github.AnchorFree.hydra-vpn-android:corevpn:0.18.2] AndroidManifest.xml:30:13-37
155
156        <service
156-->[com.github.AnchorFree.hydra-vpn-android:corevpn:0.18.2] AndroidManifest.xml:32:9-40:19
157            android:name="com.anchorfree.vpnsdk.vpnservice.AFVpnService"
157-->[com.github.AnchorFree.hydra-vpn-android:corevpn:0.18.2] AndroidManifest.xml:33:13-73
158            android:enabled="@bool/vpn_process_enabled"
158-->[com.github.AnchorFree.hydra-vpn-android:corevpn:0.18.2] AndroidManifest.xml:34:13-56
159            android:permission="android.permission.BIND_VPN_SERVICE"
159-->[com.github.AnchorFree.hydra-vpn-android:corevpn:0.18.2] AndroidManifest.xml:35:13-69
160            android:process="@string/vpn_process_name" >
160-->[com.github.AnchorFree.hydra-vpn-android:corevpn:0.18.2] AndroidManifest.xml:36:13-55
161            <intent-filter>
161-->src/main/AndroidManifest.xml:49:13-51:29
162                <action android:name="android.net.VpnService" />
162-->src/main/AndroidManifest.xml:50:17-65
162-->src/main/AndroidManifest.xml:50:25-62
163            </intent-filter>
164        </service> <!-- Include the AdActivity and InAppPurchaseActivity configChanges and themes. -->
165        <activity
165-->[com.google.android.gms:play-services-ads-lite:20.2.0] AndroidManifest.xml:48:9-52:64
166            android:name="com.google.android.gms.ads.AdActivity"
166-->[com.google.android.gms:play-services-ads-lite:20.2.0] AndroidManifest.xml:49:13-65
167            android:configChanges="keyboard|keyboardHidden|orientation|screenLayout|uiMode|screenSize|smallestScreenSize"
167-->[com.google.android.gms:play-services-ads-lite:20.2.0] AndroidManifest.xml:50:13-122
168            android:exported="false"
168-->[com.google.android.gms:play-services-ads-lite:20.2.0] AndroidManifest.xml:51:13-37
169            android:theme="@android:style/Theme.Translucent" />
169-->[com.google.android.gms:play-services-ads-lite:20.2.0] AndroidManifest.xml:52:13-61
170
171        <provider
171-->[com.google.android.gms:play-services-ads-lite:20.2.0] AndroidManifest.xml:54:9-58:39
172            android:name="com.google.android.gms.ads.MobileAdsInitProvider"
172-->[com.google.android.gms:play-services-ads-lite:20.2.0] AndroidManifest.xml:55:13-76
173            android:authorities="com.softmaster.airvpn.mobileadsinitprovider"
173-->[com.google.android.gms:play-services-ads-lite:20.2.0] AndroidManifest.xml:56:13-73
174            android:exported="false"
174-->[com.google.android.gms:play-services-ads-lite:20.2.0] AndroidManifest.xml:57:13-37
175            android:initOrder="100" />
175-->[com.google.android.gms:play-services-ads-lite:20.2.0] AndroidManifest.xml:58:13-36
176
177        <service
177-->[com.google.android.gms:play-services-ads-lite:20.2.0] AndroidManifest.xml:60:9-63:40
178            android:name="com.google.android.gms.ads.AdService"
178-->[com.google.android.gms:play-services-ads-lite:20.2.0] AndroidManifest.xml:61:13-64
179            android:enabled="true"
179-->[com.google.android.gms:play-services-ads-lite:20.2.0] AndroidManifest.xml:62:13-35
180            android:exported="false" />
180-->[com.google.android.gms:play-services-ads-lite:20.2.0] AndroidManifest.xml:63:13-37
181
182        <activity
182-->[com.facebook.android:audience-network-sdk:6.5.1] AndroidManifest.xml:19:9-23:75
183            android:name="com.facebook.ads.AudienceNetworkActivity"
183-->[com.facebook.android:audience-network-sdk:6.5.1] AndroidManifest.xml:20:13-68
184            android:configChanges="keyboardHidden|orientation|screenSize"
184-->[com.facebook.android:audience-network-sdk:6.5.1] AndroidManifest.xml:21:13-74
185            android:exported="false"
185-->[com.facebook.android:audience-network-sdk:6.5.1] AndroidManifest.xml:22:13-37
186            android:theme="@android:style/Theme.Translucent.NoTitleBar" />
186-->[com.facebook.android:audience-network-sdk:6.5.1] AndroidManifest.xml:23:13-72
187
188        <provider
188-->[com.facebook.android:audience-network-sdk:6.5.1] AndroidManifest.xml:25:9-28:40
189            android:name="com.facebook.ads.AudienceNetworkContentProvider"
189-->[com.facebook.android:audience-network-sdk:6.5.1] AndroidManifest.xml:26:13-75
190            android:authorities="com.softmaster.airvpn.AudienceNetworkContentProvider"
190-->[com.facebook.android:audience-network-sdk:6.5.1] AndroidManifest.xml:27:13-82
191            android:exported="false" />
191-->[com.facebook.android:audience-network-sdk:6.5.1] AndroidManifest.xml:28:13-37
192
193        <meta-data
193-->[com.google.android.gms:play-services-basement:17.6.0] AndroidManifest.xml:23:9-25:69
194            android:name="com.google.android.gms.version"
194-->[com.google.android.gms:play-services-basement:17.6.0] AndroidManifest.xml:24:13-58
195            android:value="@integer/google_play_services_version" />
195-->[com.google.android.gms:play-services-basement:17.6.0] AndroidManifest.xml:25:13-66
196
197        <provider
197-->[androidx.work:work-runtime:2.1.0] AndroidManifest.xml:30:9-36:35
198            android:name="androidx.work.impl.WorkManagerInitializer"
198-->[androidx.work:work-runtime:2.1.0] AndroidManifest.xml:31:13-69
199            android:authorities="com.softmaster.airvpn.workmanager-init"
199-->[androidx.work:work-runtime:2.1.0] AndroidManifest.xml:32:13-68
200            android:directBootAware="false"
200-->[androidx.work:work-runtime:2.1.0] AndroidManifest.xml:33:13-44
201            android:exported="false"
201-->[androidx.work:work-runtime:2.1.0] AndroidManifest.xml:34:13-37
202            android:multiprocess="true" />
202-->[androidx.work:work-runtime:2.1.0] AndroidManifest.xml:35:13-40
203
204        <service
204-->[androidx.work:work-runtime:2.1.0] AndroidManifest.xml:38:9-43:35
205            android:name="androidx.work.impl.background.systemalarm.SystemAlarmService"
205-->[androidx.work:work-runtime:2.1.0] AndroidManifest.xml:39:13-88
206            android:directBootAware="false"
206-->[androidx.work:work-runtime:2.1.0] AndroidManifest.xml:40:13-44
207            android:enabled="@bool/enable_system_alarm_service_default"
207-->[androidx.work:work-runtime:2.1.0] AndroidManifest.xml:41:13-72
208            android:exported="false" />
208-->[androidx.work:work-runtime:2.1.0] AndroidManifest.xml:42:13-37
209        <service
209-->[androidx.work:work-runtime:2.1.0] AndroidManifest.xml:44:9-50:35
210            android:name="androidx.work.impl.background.systemjob.SystemJobService"
210-->[androidx.work:work-runtime:2.1.0] AndroidManifest.xml:45:13-84
211            android:directBootAware="false"
211-->[androidx.work:work-runtime:2.1.0] AndroidManifest.xml:46:13-44
212            android:enabled="@bool/enable_system_job_service_default"
212-->[androidx.work:work-runtime:2.1.0] AndroidManifest.xml:47:13-70
213            android:exported="true"
213-->[androidx.work:work-runtime:2.1.0] AndroidManifest.xml:48:13-36
214            android:permission="android.permission.BIND_JOB_SERVICE" />
214-->[androidx.work:work-runtime:2.1.0] AndroidManifest.xml:49:13-69
215
216        <receiver
216-->[androidx.work:work-runtime:2.1.0] AndroidManifest.xml:52:9-57:35
217            android:name="androidx.work.impl.utils.ForceStopRunnable$BroadcastReceiver"
217-->[androidx.work:work-runtime:2.1.0] AndroidManifest.xml:53:13-88
218            android:directBootAware="false"
218-->[androidx.work:work-runtime:2.1.0] AndroidManifest.xml:54:13-44
219            android:enabled="true"
219-->[androidx.work:work-runtime:2.1.0] AndroidManifest.xml:55:13-35
220            android:exported="false" />
220-->[androidx.work:work-runtime:2.1.0] AndroidManifest.xml:56:13-37
221        <receiver
221-->[androidx.work:work-runtime:2.1.0] AndroidManifest.xml:58:9-68:20
222            android:name="androidx.work.impl.background.systemalarm.ConstraintProxy$BatteryChargingProxy"
222-->[androidx.work:work-runtime:2.1.0] AndroidManifest.xml:59:13-106
223            android:directBootAware="false"
223-->[androidx.work:work-runtime:2.1.0] AndroidManifest.xml:60:13-44
224            android:enabled="false"
224-->[androidx.work:work-runtime:2.1.0] AndroidManifest.xml:61:13-36
225            android:exported="false" >
225-->[androidx.work:work-runtime:2.1.0] AndroidManifest.xml:62:13-37
226            <intent-filter>
226-->[androidx.work:work-runtime:2.1.0] AndroidManifest.xml:64:13-67:29
227                <action android:name="android.intent.action.ACTION_POWER_CONNECTED" />
227-->[androidx.work:work-runtime:2.1.0] AndroidManifest.xml:65:17-87
227-->[androidx.work:work-runtime:2.1.0] AndroidManifest.xml:65:25-84
228                <action android:name="android.intent.action.ACTION_POWER_DISCONNECTED" />
228-->[androidx.work:work-runtime:2.1.0] AndroidManifest.xml:66:17-90
228-->[androidx.work:work-runtime:2.1.0] AndroidManifest.xml:66:25-87
229            </intent-filter>
230        </receiver>
231        <receiver
231-->[androidx.work:work-runtime:2.1.0] AndroidManifest.xml:69:9-79:20
232            android:name="androidx.work.impl.background.systemalarm.ConstraintProxy$BatteryNotLowProxy"
232-->[androidx.work:work-runtime:2.1.0] AndroidManifest.xml:70:13-104
233            android:directBootAware="false"
233-->[androidx.work:work-runtime:2.1.0] AndroidManifest.xml:71:13-44
234            android:enabled="false"
234-->[androidx.work:work-runtime:2.1.0] AndroidManifest.xml:72:13-36
235            android:exported="false" >
235-->[androidx.work:work-runtime:2.1.0] AndroidManifest.xml:73:13-37
236            <intent-filter>
236-->[androidx.work:work-runtime:2.1.0] AndroidManifest.xml:75:13-78:29
237                <action android:name="android.intent.action.BATTERY_OKAY" />
237-->[androidx.work:work-runtime:2.1.0] AndroidManifest.xml:76:17-77
237-->[androidx.work:work-runtime:2.1.0] AndroidManifest.xml:76:25-74
238                <action android:name="android.intent.action.BATTERY_LOW" />
238-->[androidx.work:work-runtime:2.1.0] AndroidManifest.xml:77:17-76
238-->[androidx.work:work-runtime:2.1.0] AndroidManifest.xml:77:25-73
239            </intent-filter>
240        </receiver>
241        <receiver
241-->[androidx.work:work-runtime:2.1.0] AndroidManifest.xml:80:9-90:20
242            android:name="androidx.work.impl.background.systemalarm.ConstraintProxy$StorageNotLowProxy"
242-->[androidx.work:work-runtime:2.1.0] AndroidManifest.xml:81:13-104
243            android:directBootAware="false"
243-->[androidx.work:work-runtime:2.1.0] AndroidManifest.xml:82:13-44
244            android:enabled="false"
244-->[androidx.work:work-runtime:2.1.0] AndroidManifest.xml:83:13-36
245            android:exported="false" >
245-->[androidx.work:work-runtime:2.1.0] AndroidManifest.xml:84:13-37
246            <intent-filter>
246-->[androidx.work:work-runtime:2.1.0] AndroidManifest.xml:86:13-89:29
247                <action android:name="android.intent.action.DEVICE_STORAGE_LOW" />
247-->[androidx.work:work-runtime:2.1.0] AndroidManifest.xml:87:17-83
247-->[androidx.work:work-runtime:2.1.0] AndroidManifest.xml:87:25-80
248                <action android:name="android.intent.action.DEVICE_STORAGE_OK" />
248-->[androidx.work:work-runtime:2.1.0] AndroidManifest.xml:88:17-82
248-->[androidx.work:work-runtime:2.1.0] AndroidManifest.xml:88:25-79
249            </intent-filter>
250        </receiver>
251        <receiver
251-->[androidx.work:work-runtime:2.1.0] AndroidManifest.xml:91:9-100:20
252            android:name="androidx.work.impl.background.systemalarm.ConstraintProxy$NetworkStateProxy"
252-->[androidx.work:work-runtime:2.1.0] AndroidManifest.xml:92:13-103
253            android:directBootAware="false"
253-->[androidx.work:work-runtime:2.1.0] AndroidManifest.xml:93:13-44
254            android:enabled="false"
254-->[androidx.work:work-runtime:2.1.0] AndroidManifest.xml:94:13-36
255            android:exported="false" >
255-->[androidx.work:work-runtime:2.1.0] AndroidManifest.xml:95:13-37
256            <intent-filter>
256-->[androidx.work:work-runtime:2.1.0] AndroidManifest.xml:97:13-99:29
257                <action android:name="android.net.conn.CONNECTIVITY_CHANGE" />
257-->[androidx.work:work-runtime:2.1.0] AndroidManifest.xml:98:17-79
257-->[androidx.work:work-runtime:2.1.0] AndroidManifest.xml:98:25-76
258            </intent-filter>
259        </receiver>
260        <receiver
260-->[androidx.work:work-runtime:2.1.0] AndroidManifest.xml:101:9-112:20
261            android:name="androidx.work.impl.background.systemalarm.RescheduleReceiver"
261-->[androidx.work:work-runtime:2.1.0] AndroidManifest.xml:102:13-88
262            android:directBootAware="false"
262-->[androidx.work:work-runtime:2.1.0] AndroidManifest.xml:103:13-44
263            android:enabled="false"
263-->[androidx.work:work-runtime:2.1.0] AndroidManifest.xml:104:13-36
264            android:exported="false" >
264-->[androidx.work:work-runtime:2.1.0] AndroidManifest.xml:105:13-37
265            <intent-filter>